0 verbose cli C:\Users\satur\scoop\apps\nodejs\current\node.exe C:\Users\satur\scoop\apps\nodejs\current\bin\node_modules\npm\bin\npm-cli.js
1 info using npm@11.6.4
2 info using node@v25.2.1
3 silly config load:file:C:\Users\satur\scoop\persist\nodejs\bin\node_modules\npm\npmrc
4 silly config load:file:D:\personalworkspace\.npmrc
5 silly config load:file:C:\Users\satur\.npmrc
6 silly config load:file:C:\Users\satur\scoop\persist\nodejs\bin\etc\npmrc
7 verbose title npm install @tiptap/react @tiptap/pm @tiptap/starter-kit @tiptap/extension-markdown
8 verbose argv "install" "@tiptap/react" "@tiptap/pm" "@tiptap/starter-kit" "@tiptap/extension-markdown"
9 verbose logfile logs-max:10 dir:C:\Users\satur\scoop\persist\nodejs\cache\_logs\2025-12-16T09_37_55_702Z-
10 verbose logfile C:\Users\satur\scoop\persist\nodejs\cache\_logs\2025-12-16T09_37_55_702Z-debug-0.log
11 silly logfile start cleaning logs, removing 1 files
12 silly packumentCache heap:2348810240 maxSize:587202560 maxEntrySize:293601280
13 silly logfile done cleaning log files
14 verbose shrinkwrap failed to load node_modules/.package-lock.json out of date, updated: node_modules
15 silly idealTree buildDeps
16 silly fetch manifest @tiptap/react@*
17 silly packumentCache full:https://registry.npmjs.org/@tiptap%2freact cache-miss
18 http cache https://registry.npmjs.org/@tiptap%2freact 91ms (cache hit)
19 silly packumentCache full:https://registry.npmjs.org/@tiptap%2freact set size:994928 disposed:false
20 silly fetch manifest @tiptap/core@^3.13.0
21 silly packumentCache full:https://registry.npmjs.org/@tiptap%2fcore cache-miss
22 http cache https://registry.npmjs.org/@tiptap%2fcore 20ms (cache hit)
23 silly packumentCache full:https://registry.npmjs.org/@tiptap%2fcore set size:1216400 disposed:false
24 silly fetch manifest @tiptap/pm@*
25 silly packumentCache full:https://registry.npmjs.org/@tiptap%2fpm cache-miss
26 http cache https://registry.npmjs.org/@tiptap%2fpm 11ms (cache hit)
27 silly packumentCache full:https://registry.npmjs.org/@tiptap%2fpm set size:1448222 disposed:false
28 silly fetch manifest @types/react@^17.0.0 || ^18.0.0 || ^19.0.0
29 silly packumentCache full:https://registry.npmjs.org/@types%2freact cache-miss
30 http cache https://registry.npmjs.org/@types%2freact 22ms (cache hit)
31 silly packumentCache full:https://registry.npmjs.org/@types%2freact set size:2541992 disposed:false
32 silly fetch manifest @types/react-dom@^17.0.0 || ^18.0.0 || ^19.0.0
33 silly packumentCache full:https://registry.npmjs.org/@types%2freact-dom cache-miss
34 http cache https://registry.npmjs.org/@types%2freact-dom 11ms (cache hit)
35 silly packumentCache full:https://registry.npmjs.org/@types%2freact-dom set size:429026 disposed:false
36 silly fetch manifest react@^19.2.1
37 silly packumentCache full:https://registry.npmjs.org/react cache-miss
38 http cache https://registry.npmjs.org/react 30ms (cache hit)
39 silly packumentCache full:https://registry.npmjs.org/react set size:6350760 disposed:false
40 silly fetch manifest react-dom@^19.2.1
41 silly packumentCache full:https://registry.npmjs.org/react-dom cache-miss
42 http cache https://registry.npmjs.org/react-dom 38ms (cache hit)
43 silly packumentCache full:https://registry.npmjs.org/react-dom set size:8354993 disposed:false
44 silly fetch manifest @tiptap/starter-kit@*
45 silly packumentCache full:https://registry.npmjs.org/@tiptap%2fstarter-kit cache-miss
46 http cache https://registry.npmjs.org/@tiptap%2fstarter-kit 42ms (cache hit)
47 silly packumentCache full:https://registry.npmjs.org/@tiptap%2fstarter-kit set size:1448385 disposed:false
48 silly fetch manifest @tiptap/extension-markdown@*
49 silly packumentCache full:https://registry.npmjs.org/@tiptap%2fextension-markdown cache-miss
50 notice Access token expired or revoked. Please try logging in again.
51 http fetch GET 404 https://registry.npmjs.org/@tiptap%2fextension-markdown 3393ms (cache skip)
52 silly placeDep ROOT @tiptap/extension-markdown@ OK for:  want: *
53 silly placeDep ROOT @tiptap/pm@3.13.0 OK for:  want: *
54 silly placeDep ROOT @tiptap/react@3.13.0 OK for:  want: *
55 silly placeDep ROOT @types/react@19.2.7 OK for: @tiptap/react@3.13.0 want: ^17.0.0 || ^18.0.0 || ^19.0.0
56 silly placeDep ROOT @types/react-dom@19.2.3 OK for: @tiptap/react@3.13.0 want: ^17.0.0 || ^18.0.0 || ^19.0.0
57 silly placeDep ROOT @tiptap/core@3.13.0 OK for: @tiptap/react@3.13.0 want: ^3.13.0
58 silly placeDep ROOT @tiptap/starter-kit@3.13.0 OK for:  want: *
59 silly fetch manifest prosemirror-changeset@^2.3.0
60 silly packumentCache full:https://registry.npmjs.org/prosemirror-changeset cache-miss
61 silly fetch manifest prosemirror-collab@^1.3.1
62 silly packumentCache full:https://registry.npmjs.org/prosemirror-collab cache-miss
63 silly fetch manifest prosemirror-commands@^1.6.2
64 silly packumentCache full:https://registry.npmjs.org/prosemirror-commands cache-miss
65 http cache https://registry.npmjs.org/prosemirror-collab 23ms (cache hit)
66 silly packumentCache full:https://registry.npmjs.org/prosemirror-collab set size:52538 disposed:false
67 silly fetch manifest prosemirror-dropcursor@^1.8.1
68 silly packumentCache full:https://registry.npmjs.org/prosemirror-dropcursor cache-miss
69 http cache https://registry.npmjs.org/prosemirror-changeset 31ms (cache hit)
70 silly packumentCache full:https://registry.npmjs.org/prosemirror-changeset set size:64482 disposed:false
71 silly fetch manifest prosemirror-gapcursor@^1.3.2
72 silly packumentCache full:https://registry.npmjs.org/prosemirror-gapcursor cache-miss
73 http cache https://registry.npmjs.org/prosemirror-commands 31ms (cache hit)
74 silly packumentCache full:https://registry.npmjs.org/prosemirror-commands set size:113565 disposed:false
75 silly fetch manifest prosemirror-history@^1.4.1
76 silly packumentCache full:https://registry.npmjs.org/prosemirror-history cache-miss
77 http cache https://registry.npmjs.org/prosemirror-dropcursor 27ms (cache hit)
78 silly packumentCache full:https://registry.npmjs.org/prosemirror-dropcursor set size:78033 disposed:false
79 silly fetch manifest prosemirror-inputrules@^1.4.0
80 silly packumentCache full:https://registry.npmjs.org/prosemirror-inputrules cache-miss
81 http cache https://registry.npmjs.org/prosemirror-gapcursor 27ms (cache hit)
82 silly packumentCache full:https://registry.npmjs.org/prosemirror-gapcursor set size:58378 disposed:false
83 silly fetch manifest prosemirror-keymap@^1.2.2
84 silly packumentCache full:https://registry.npmjs.org/prosemirror-keymap cache-miss
85 http cache https://registry.npmjs.org/prosemirror-history 31ms (cache hit)
86 silly packumentCache full:https://registry.npmjs.org/prosemirror-history set size:69900 disposed:false
87 silly fetch manifest prosemirror-markdown@^1.13.1
88 silly packumentCache full:https://registry.npmjs.org/prosemirror-markdown cache-miss
89 http cache https://registry.npmjs.org/prosemirror-inputrules 37ms (cache hit)
90 silly packumentCache full:https://registry.npmjs.org/prosemirror-inputrules set size:61584 disposed:false
91 silly fetch manifest prosemirror-menu@^1.2.4
92 silly packumentCache full:https://registry.npmjs.org/prosemirror-menu cache-miss
93 http cache https://registry.npmjs.org/prosemirror-keymap 32ms (cache hit)
94 silly packumentCache full:https://registry.npmjs.org/prosemirror-keymap set size:58563 disposed:false
95 silly fetch manifest prosemirror-model@^1.24.1
96 silly packumentCache full:https://registry.npmjs.org/prosemirror-model cache-miss
97 http cache https://registry.npmjs.org/prosemirror-markdown 31ms (cache hit)
98 silly packumentCache full:https://registry.npmjs.org/prosemirror-markdown set size:161086 disposed:false
99 silly fetch manifest prosemirror-schema-basic@^1.2.3
100 silly packumentCache full:https://registry.npmjs.org/prosemirror-schema-basic cache-miss
101 http cache https://registry.npmjs.org/prosemirror-menu 27ms (cache hit)
102 silly packumentCache full:https://registry.npmjs.org/prosemirror-menu set size:73433 disposed:false
103 silly fetch manifest prosemirror-schema-list@^1.5.0
104 silly packumentCache full:https://registry.npmjs.org/prosemirror-schema-list cache-miss
105 http cache https://registry.npmjs.org/prosemirror-model 31ms (cache hit)
106 silly packumentCache full:https://registry.npmjs.org/prosemirror-model set size:195037 disposed:false
107 silly fetch manifest prosemirror-state@^1.4.3
108 silly packumentCache full:https://registry.npmjs.org/prosemirror-state cache-miss
109 http cache https://registry.npmjs.org/prosemirror-schema-basic 32ms (cache hit)
110 silly packumentCache full:https://registry.npmjs.org/prosemirror-schema-basic set size:49691 disposed:false
111 silly fetch manifest prosemirror-tables@^1.6.4
112 silly packumentCache full:https://registry.npmjs.org/prosemirror-tables cache-miss
113 http cache https://registry.npmjs.org/prosemirror-schema-list 39ms (cache hit)
114 silly packumentCache full:https://registry.npmjs.org/prosemirror-schema-list set size:79148 disposed:false
115 silly fetch manifest prosemirror-trailing-node@^3.0.0
116 silly packumentCache full:https://registry.npmjs.org/prosemirror-trailing-node cache-miss
117 http cache https://registry.npmjs.org/prosemirror-tables 27ms (cache hit)
118 silly packumentCache full:https://registry.npmjs.org/prosemirror-tables set size:249650 disposed:false
119 silly fetch manifest prosemirror-transform@^1.10.2
120 silly packumentCache full:https://registry.npmjs.org/prosemirror-transform cache-miss
121 http cache https://registry.npmjs.org/prosemirror-state 41ms (cache hit)
122 silly packumentCache full:https://registry.npmjs.org/prosemirror-state set size:77139 disposed:false
123 silly fetch manifest prosemirror-view@^1.38.1
124 silly packumentCache full:https://registry.npmjs.org/prosemirror-view cache-miss
125 http cache https://registry.npmjs.org/prosemirror-trailing-node 42ms (cache hit)
126 silly packumentCache full:https://registry.npmjs.org/prosemirror-trailing-node set size:751331 disposed:false
127 silly fetch manifest @types/use-sync-external-store@^0.0.6
128 silly packumentCache full:https://registry.npmjs.org/@types%2fuse-sync-external-store cache-miss
129 http cache https://registry.npmjs.org/prosemirror-transform 54ms (cache hit)
130 silly packumentCache full:https://registry.npmjs.org/prosemirror-transform set size:162217 disposed:false
131 silly fetch manifest fast-equals@^5.3.3
132 silly packumentCache full:https://registry.npmjs.org/fast-equals cache-miss
133 http cache https://registry.npmjs.org/prosemirror-view 55ms (cache hit)
134 silly packumentCache full:https://registry.npmjs.org/prosemirror-view set size:714155 disposed:false
135 silly fetch manifest use-sync-external-store@^1.4.0
136 silly packumentCache full:https://registry.npmjs.org/use-sync-external-store cache-miss
137 http cache https://registry.npmjs.org/@types%2fuse-sync-external-store 35ms (cache hit)
138 silly packumentCache full:https://registry.npmjs.org/@types%2fuse-sync-external-store set size:14540 disposed:false
139 silly fetch manifest @tiptap/extension-bubble-menu@^3.13.0
140 silly packumentCache full:https://registry.npmjs.org/@tiptap%2fextension-bubble-menu cache-miss
141 http cache https://registry.npmjs.org/fast-equals 35ms (cache hit)
142 silly packumentCache full:https://registry.npmjs.org/fast-equals set size:305496 disposed:false
143 silly fetch manifest @tiptap/extension-floating-menu@^3.13.0
144 silly packumentCache full:https://registry.npmjs.org/@tiptap%2fextension-floating-menu cache-miss
145 http cache https://registry.npmjs.org/use-sync-external-store 49ms (cache hit)
146 silly packumentCache full:https://registry.npmjs.org/use-sync-external-store set size:4355671 disposed:false
147 silly fetch manifest csstype@^3.2.2
148 silly packumentCache full:https://registry.npmjs.org/csstype cache-miss
149 http cache https://registry.npmjs.org/@tiptap%2fextension-bubble-menu 181ms (cache hit)
150 silly packumentCache full:https://registry.npmjs.org/@tiptap%2fextension-bubble-menu set size:802425 disposed:false
151 silly fetch manifest @tiptap/extension-blockquote@^3.13.0
152 silly packumentCache full:https://registry.npmjs.org/@tiptap%2fextension-blockquote cache-miss
153 http cache https://registry.npmjs.org/csstype 101ms (cache hit)
154 silly packumentCache full:https://registry.npmjs.org/csstype set size:274189 disposed:false
155 silly fetch manifest @tiptap/extension-bold@^3.13.0
156 silly packumentCache full:https://registry.npmjs.org/@tiptap%2fextension-bold cache-miss
157 http cache https://registry.npmjs.org/@tiptap%2fextension-floating-menu 206ms (cache hit)
158 silly packumentCache full:https://registry.npmjs.org/@tiptap%2fextension-floating-menu set size:789194 disposed:false
159 silly fetch manifest @tiptap/extension-bullet-list@^3.13.0
160 silly packumentCache full:https://registry.npmjs.org/@tiptap%2fextension-bullet-list cache-miss
161 http cache https://registry.npmjs.org/@tiptap%2fextension-blockquote 58ms (cache hit)
162 silly packumentCache full:https://registry.npmjs.org/@tiptap%2fextension-blockquote set size:717394 disposed:false
163 silly fetch manifest @tiptap/extension-code@^3.13.0
164 silly packumentCache full:https://registry.npmjs.org/@tiptap%2fextension-code cache-miss
165 http cache https://registry.npmjs.org/@tiptap%2fextension-bold 61ms (cache hit)
166 silly packumentCache full:https://registry.npmjs.org/@tiptap%2fextension-bold set size:699111 disposed:false
167 silly fetch manifest @tiptap/extension-code-block@^3.13.0
168 silly packumentCache full:https://registry.npmjs.org/@tiptap%2fextension-code-block cache-miss
169 http cache https://registry.npmjs.org/@tiptap%2fextension-bullet-list 63ms (cache hit)
170 silly packumentCache full:https://registry.npmjs.org/@tiptap%2fextension-bullet-list set size:720452 disposed:false
171 silly fetch manifest @tiptap/extension-document@^3.13.0
172 silly packumentCache full:https://registry.npmjs.org/@tiptap%2fextension-document cache-miss
173 http cache https://registry.npmjs.org/@tiptap%2fextension-code 58ms (cache hit)
174 silly packumentCache full:https://registry.npmjs.org/@tiptap%2fextension-code set size:701940 disposed:false
175 silly fetch manifest @tiptap/extension-dropcursor@^3.13.0
176 silly packumentCache full:https://registry.npmjs.org/@tiptap%2fextension-dropcursor cache-miss
177 http cache https://registry.npmjs.org/@tiptap%2fextension-document 59ms (cache hit)
178 silly packumentCache full:https://registry.npmjs.org/@tiptap%2fextension-document set size:685417 disposed:false
179 silly fetch manifest @tiptap/extension-gapcursor@^3.13.0
180 silly packumentCache full:https://registry.npmjs.org/@tiptap%2fextension-gapcursor cache-miss
181 http cache https://registry.npmjs.org/@tiptap%2fextension-code-block 125ms (cache hit)
182 silly packumentCache full:https://registry.npmjs.org/@tiptap%2fextension-code-block set size:764891 disposed:false
183 silly fetch manifest @tiptap/extension-hard-break@^3.13.0
184 silly packumentCache full:https://registry.npmjs.org/@tiptap%2fextension-hard-break cache-miss
185 http cache https://registry.npmjs.org/@tiptap%2fextension-dropcursor 102ms (cache hit)
186 silly packumentCache full:https://registry.npmjs.org/@tiptap%2fextension-dropcursor set size:730584 disposed:false
187 silly fetch manifest @tiptap/extension-heading@^3.13.0
188 silly packumentCache full:https://registry.npmjs.org/@tiptap%2fextension-heading cache-miss
189 http cache https://registry.npmjs.org/@tiptap%2fextension-gapcursor 72ms (cache hit)
190 silly packumentCache full:https://registry.npmjs.org/@tiptap%2fextension-gapcursor set size:747908 disposed:false
191 silly fetch manifest @tiptap/extension-horizontal-rule@^3.13.0
192 silly packumentCache full:https://registry.npmjs.org/@tiptap%2fextension-horizontal-rule cache-miss
193 http cache https://registry.npmjs.org/@tiptap%2fextension-hard-break 54ms (cache hit)
194 silly packumentCache full:https://registry.npmjs.org/@tiptap%2fextension-hard-break set size:721761 disposed:false
195 silly fetch manifest @tiptap/extension-italic@^3.13.0
196 silly packumentCache full:https://registry.npmjs.org/@tiptap%2fextension-italic cache-miss
197 http cache https://registry.npmjs.org/@tiptap%2fextension-heading 65ms (cache hit)
198 silly packumentCache full:https://registry.npmjs.org/@tiptap%2fextension-heading set size:707940 disposed:false
199 silly fetch manifest @tiptap/extension-link@^3.13.0
200 silly packumentCache full:https://registry.npmjs.org/@tiptap%2fextension-link cache-miss
201 http cache https://registry.npmjs.org/@tiptap%2fextension-horizontal-rule 92ms (cache hit)
202 silly packumentCache full:https://registry.npmjs.org/@tiptap%2fextension-horizontal-rule set size:760614 disposed:false
203 silly fetch manifest @tiptap/extension-list@^3.13.0
204 silly packumentCache full:https://registry.npmjs.org/@tiptap%2fextension-list cache-miss
205 http cache https://registry.npmjs.org/@tiptap%2fextension-italic 85ms (cache hit)
206 silly packumentCache full:https://registry.npmjs.org/@tiptap%2fextension-italic set size:702543 disposed:false
207 silly fetch manifest @tiptap/extension-list-item@^3.13.0
208 silly packumentCache full:https://registry.npmjs.org/@tiptap%2fextension-list-item cache-miss
209 http cache https://registry.npmjs.org/@tiptap%2fextension-link 77ms (cache hit)
210 silly packumentCache full:https://registry.npmjs.org/@tiptap%2fextension-link set size:761150 disposed:false
211 silly fetch manifest @tiptap/extension-list-keymap@^3.13.0
212 silly packumentCache full:https://registry.npmjs.org/@tiptap%2fextension-list-keymap cache-miss
213 http cache https://registry.npmjs.org/@tiptap%2fextension-list 82ms (cache hit)
214 silly packumentCache full:https://registry.npmjs.org/@tiptap%2fextension-list set size:340871 disposed:false
215 silly fetch manifest @tiptap/extension-ordered-list@^3.13.0
216 silly packumentCache full:https://registry.npmjs.org/@tiptap%2fextension-ordered-list cache-miss
217 http cache https://registry.npmjs.org/@tiptap%2fextension-list-item 82ms (cache hit)
218 silly packumentCache full:https://registry.npmjs.org/@tiptap%2fextension-list-item set size:697315 disposed:false
219 silly fetch manifest @tiptap/extension-paragraph@^3.13.0
220 silly packumentCache full:https://registry.npmjs.org/@tiptap%2fextension-paragraph cache-miss
221 http cache https://registry.npmjs.org/@tiptap%2fextension-list-keymap 63ms (cache hit)
222 silly packumentCache full:https://registry.npmjs.org/@tiptap%2fextension-list-keymap set size:482262 disposed:false
223 silly fetch manifest @tiptap/extension-strike@^3.13.0
224 silly packumentCache full:https://registry.npmjs.org/@tiptap%2fextension-strike cache-miss
225 http cache https://registry.npmjs.org/@tiptap%2fextension-ordered-list 64ms (cache hit)
226 silly packumentCache full:https://registry.npmjs.org/@tiptap%2fextension-ordered-list set size:723872 disposed:false
227 silly fetch manifest @tiptap/extension-text@^3.13.0
228 silly packumentCache full:https://registry.npmjs.org/@tiptap%2fextension-text cache-miss
229 http cache https://registry.npmjs.org/@tiptap%2fextension-paragraph 77ms (cache hit)
230 silly packumentCache full:https://registry.npmjs.org/@tiptap%2fextension-paragraph set size:706222 disposed:false
231 silly fetch manifest @tiptap/extension-underline@^3.13.0
232 silly packumentCache full:https://registry.npmjs.org/@tiptap%2fextension-underline cache-miss
233 http cache https://registry.npmjs.org/@tiptap%2fextension-strike 74ms (cache hit)
234 silly packumentCache full:https://registry.npmjs.org/@tiptap%2fextension-strike set size:702345 disposed:false
235 silly fetch manifest @tiptap/extensions@^3.13.0
236 silly packumentCache full:https://registry.npmjs.org/@tiptap%2fextensions cache-miss
237 http cache https://registry.npmjs.org/@tiptap%2fextension-text 65ms (cache hit)
238 silly packumentCache full:https://registry.npmjs.org/@tiptap%2fextension-text set size:672080 disposed:false
239 http cache https://registry.npmjs.org/@tiptap%2fextension-underline 69ms (cache hit)
240 silly packumentCache full:https://registry.npmjs.org/@tiptap%2fextension-underline set size:703588 disposed:false
241 http cache https://registry.npmjs.org/@tiptap%2fextensions 58ms (cache hit)
242 silly packumentCache full:https://registry.npmjs.org/@tiptap%2fextensions set size:362286 disposed:false
243 silly placeDep ROOT prosemirror-changeset@2.3.1 OK for: @tiptap/pm@3.13.0 want: ^2.3.0
244 silly placeDep ROOT prosemirror-collab@1.3.1 OK for: @tiptap/pm@3.13.0 want: ^1.3.1
245 silly placeDep ROOT prosemirror-commands@1.7.1 OK for: @tiptap/pm@3.13.0 want: ^1.6.2
246 silly placeDep ROOT prosemirror-dropcursor@1.8.2 OK for: @tiptap/pm@3.13.0 want: ^1.8.1
247 silly placeDep ROOT prosemirror-gapcursor@1.4.0 OK for: @tiptap/pm@3.13.0 want: ^1.3.2
248 silly placeDep ROOT prosemirror-history@1.5.0 OK for: @tiptap/pm@3.13.0 want: ^1.4.1
249 silly placeDep ROOT prosemirror-inputrules@1.5.1 OK for: @tiptap/pm@3.13.0 want: ^1.4.0
250 silly placeDep ROOT prosemirror-keymap@1.2.3 OK for: @tiptap/pm@3.13.0 want: ^1.2.2
251 silly placeDep ROOT prosemirror-markdown@1.13.2 OK for: @tiptap/pm@3.13.0 want: ^1.13.1
252 silly placeDep ROOT prosemirror-menu@1.2.5 OK for: @tiptap/pm@3.13.0 want: ^1.2.4
253 silly placeDep ROOT prosemirror-model@1.25.4 OK for: @tiptap/pm@3.13.0 want: ^1.24.1
254 silly placeDep ROOT prosemirror-schema-basic@1.2.4 OK for: @tiptap/pm@3.13.0 want: ^1.2.3
255 silly placeDep ROOT prosemirror-schema-list@1.5.1 OK for: @tiptap/pm@3.13.0 want: ^1.5.0
256 silly placeDep ROOT prosemirror-state@1.4.4 OK for: @tiptap/pm@3.13.0 want: ^1.4.3
257 silly placeDep ROOT prosemirror-tables@1.8.3 OK for: @tiptap/pm@3.13.0 want: ^1.6.4
258 silly placeDep ROOT prosemirror-trailing-node@3.0.0 OK for: @tiptap/pm@3.13.0 want: ^3.0.0
259 silly placeDep ROOT prosemirror-view@1.41.4 OK for: prosemirror-trailing-node@3.0.0 want: ^1.33.8
260 silly placeDep ROOT prosemirror-transform@1.10.5 OK for: @tiptap/pm@3.13.0 want: ^1.10.2
261 silly fetch manifest prosemirror-transform@^1.0.0
262 silly packumentCache full:https://registry.npmjs.org/prosemirror-transform cache-hit
263 silly fetch manifest prosemirror-state@^1.0.0
264 silly packumentCache full:https://registry.npmjs.org/prosemirror-state cache-hit
265 silly fetch manifest prosemirror-model@^1.0.0
266 silly packumentCache full:https://registry.npmjs.org/prosemirror-model cache-hit
267 silly fetch manifest prosemirror-view@^1.1.0
268 silly packumentCache full:https://registry.npmjs.org/prosemirror-view cache-hit
269 silly fetch manifest prosemirror-transform@^1.1.0
270 silly packumentCache full:https://registry.npmjs.org/prosemirror-transform cache-hit
271 silly fetch manifest prosemirror-keymap@^1.0.0
272 silly packumentCache full:https://registry.npmjs.org/prosemirror-keymap cache-hit
273 silly fetch manifest prosemirror-view@^1.0.0
274 silly packumentCache full:https://registry.npmjs.org/prosemirror-view cache-hit
275 silly fetch manifest prosemirror-state@^1.2.2
276 silly packumentCache full:https://registry.npmjs.org/prosemirror-state cache-hit
277 silly fetch manifest prosemirror-view@^1.31.0
278 silly packumentCache full:https://registry.npmjs.org/prosemirror-view cache-hit
279 silly fetch manifest rope-sequence@^1.3.0
280 silly packumentCache full:https://registry.npmjs.org/rope-sequence cache-miss
281 silly fetch manifest w3c-keyname@^2.2.0
282 silly packumentCache full:https://registry.npmjs.org/w3c-keyname cache-miss
283 silly fetch manifest markdown-it@^14.0.0
284 silly packumentCache full:https://registry.npmjs.org/markdown-it cache-miss
285 http cache https://registry.npmjs.org/w3c-keyname 74ms (cache hit)
286 silly packumentCache full:https://registry.npmjs.org/w3c-keyname set size:43247 disposed:false
287 silly fetch manifest prosemirror-model@^1.25.0
288 silly packumentCache full:https://registry.npmjs.org/prosemirror-model cache-hit
289 silly fetch manifest @types/markdown-it@^14.0.0
290 silly packumentCache full:https://registry.npmjs.org/@types%2fmarkdown-it cache-miss
291 http cache https://registry.npmjs.org/markdown-it 79ms (cache hit)
292 silly packumentCache full:https://registry.npmjs.org/markdown-it set size:218812 disposed:false
293 silly fetch manifest crelt@^1.0.0
294 silly packumentCache full:https://registry.npmjs.org/crelt cache-miss
295 http cache https://registry.npmjs.org/rope-sequence 100ms (cache hit)
296 silly packumentCache full:https://registry.npmjs.org/rope-sequence set size:22588 disposed:false
297 silly fetch manifest orderedmap@^2.0.0
298 silly packumentCache full:https://registry.npmjs.org/orderedmap cache-miss
299 http cache https://registry.npmjs.org/crelt 34ms (cache hit)
300 silly packumentCache full:https://registry.npmjs.org/crelt set size:17082 disposed:false
301 silly fetch manifest prosemirror-transform@^1.7.3
302 silly packumentCache full:https://registry.npmjs.org/prosemirror-transform cache-hit
303 silly fetch manifest prosemirror-view@^1.27.0
304 silly packumentCache full:https://registry.npmjs.org/prosemirror-view cache-hit
305 silly fetch manifest prosemirror-transform@^1.10.5
306 silly packumentCache full:https://registry.npmjs.org/prosemirror-transform cache-hit
307 silly fetch manifest prosemirror-view@^1.41.4
308 silly packumentCache full:https://registry.npmjs.org/prosemirror-view cache-hit
309 silly fetch manifest @remirror/core-constants@3.0.0
310 silly packumentCache full:https://registry.npmjs.org/@remirror%2fcore-constants cache-miss
311 http cache https://registry.npmjs.org/orderedmap 40ms (cache hit)
312 silly packumentCache full:https://registry.npmjs.org/orderedmap set size:34063 disposed:false
313 silly fetch manifest escape-string-regexp@^4.0.0
314 silly packumentCache full:https://registry.npmjs.org/escape-string-regexp cache-miss
315 http cache https://registry.npmjs.org/@types%2fmarkdown-it 64ms (cache hit)
316 silly packumentCache full:https://registry.npmjs.org/@types%2fmarkdown-it set size:77138 disposed:false
317 http cache https://registry.npmjs.org/escape-string-regexp 20ms (cache hit)
318 silly packumentCache full:https://registry.npmjs.org/escape-string-regexp set size:22244 disposed:false
319 http cache https://registry.npmjs.org/@remirror%2fcore-constants 32ms (cache hit)
320 silly packumentCache full:https://registry.npmjs.org/@remirror%2fcore-constants set size:683081 disposed:false
321 silly fetch manifest react@^17.0.0 || ^18.0.0 || ^19.0.0
322 silly packumentCache full:https://registry.npmjs.org/react cache-miss
323 http cache https://registry.npmjs.org/react 69ms (cache hit)
324 silly packumentCache full:https://registry.npmjs.org/react set size:6350760 disposed:false
325 silly fetch manifest @tiptap/pm@^3.13.0
326 silly packumentCache full:https://registry.npmjs.org/@tiptap%2fpm cache-miss
327 http cache https://registry.npmjs.org/@tiptap%2fpm 266ms (cache hit)
328 silly packumentCache full:https://registry.npmjs.org/@tiptap%2fpm set size:1448222 disposed:false
329 silly fetch manifest @floating-ui/dom@^1.0.0
330 silly packumentCache full:https://registry.npmjs.org/@floating-ui%2fdom cache-miss
331 http cache https://registry.npmjs.org/@floating-ui%2fdom 46ms (cache hit)
332 silly packumentCache full:https://registry.npmjs.org/@floating-ui%2fdom set size:245681 disposed:false
333 silly placeDep ROOT @tiptap/extension-bubble-menu@3.13.0 OK for: @tiptap/react@3.13.0 want: ^3.13.0
334 silly placeDep ROOT @tiptap/extension-floating-menu@3.13.0 OK for: @tiptap/react@3.13.0 want: ^3.13.0
335 silly placeDep ROOT @floating-ui/dom@1.7.4 OK for: @tiptap/extension-floating-menu@3.13.0 want: ^1.0.0
336 silly placeDep ROOT @types/use-sync-external-store@0.0.6 OK for: @tiptap/react@3.13.0 want: ^0.0.6
337 silly placeDep ROOT fast-equals@5.4.0 OK for: @tiptap/react@3.13.0 want: ^5.3.3
338 silly placeDep ROOT use-sync-external-store@1.6.0 OK for: @tiptap/react@3.13.0 want: ^1.4.0
339 silly fetch manifest @floating-ui/core@^1.7.3
340 silly packumentCache full:https://registry.npmjs.org/@floating-ui%2fcore cache-miss
341 silly fetch manifest @floating-ui/utils@^0.2.10
342 silly packumentCache full:https://registry.npmjs.org/@floating-ui%2futils cache-miss
343 http cache https://registry.npmjs.org/@floating-ui%2futils 13ms (cache hit)
344 silly packumentCache full:https://registry.npmjs.org/@floating-ui%2futils set size:48234 disposed:false
345 http cache https://registry.npmjs.org/@floating-ui%2fcore 28ms (cache hit)
346 silly packumentCache full:https://registry.npmjs.org/@floating-ui%2fcore set size:173742 disposed:false
347 silly placeDep ROOT @floating-ui/core@1.7.3 OK for: @floating-ui/dom@1.7.4 want: ^1.7.3
348 silly placeDep ROOT @floating-ui/utils@0.2.10 OK for: @floating-ui/dom@1.7.4 want: ^0.2.10
349 silly placeDep ROOT @tiptap/extension-blockquote@3.13.0 OK for: @tiptap/starter-kit@3.13.0 want: ^3.13.0
350 silly placeDep ROOT @tiptap/extension-bold@3.13.0 OK for: @tiptap/starter-kit@3.13.0 want: ^3.13.0
351 silly placeDep ROOT @tiptap/extension-bullet-list@3.13.0 OK for: @tiptap/starter-kit@3.13.0 want: ^3.13.0
352 silly placeDep ROOT @tiptap/extension-list@3.13.0 OK for: @tiptap/extension-bullet-list@3.13.0 want: ^3.13.0
353 silly placeDep ROOT @tiptap/extension-code@3.13.0 OK for: @tiptap/starter-kit@3.13.0 want: ^3.13.0
354 silly placeDep ROOT @tiptap/extension-code-block@3.13.0 OK for: @tiptap/starter-kit@3.13.0 want: ^3.13.0
355 silly placeDep ROOT @tiptap/extension-document@3.13.0 OK for: @tiptap/starter-kit@3.13.0 want: ^3.13.0
356 silly placeDep ROOT @tiptap/extension-dropcursor@3.13.0 OK for: @tiptap/starter-kit@3.13.0 want: ^3.13.0
357 silly placeDep ROOT @tiptap/extensions@3.13.0 OK for: @tiptap/extension-dropcursor@3.13.0 want: ^3.13.0
358 silly placeDep ROOT @tiptap/extension-gapcursor@3.13.0 OK for: @tiptap/starter-kit@3.13.0 want: ^3.13.0
359 silly placeDep ROOT @tiptap/extension-hard-break@3.13.0 OK for: @tiptap/starter-kit@3.13.0 want: ^3.13.0
360 silly placeDep ROOT @tiptap/extension-heading@3.13.0 OK for: @tiptap/starter-kit@3.13.0 want: ^3.13.0
361 silly placeDep ROOT @tiptap/extension-horizontal-rule@3.13.0 OK for: @tiptap/starter-kit@3.13.0 want: ^3.13.0
362 silly placeDep ROOT @tiptap/extension-italic@3.13.0 OK for: @tiptap/starter-kit@3.13.0 want: ^3.13.0
363 silly placeDep ROOT @tiptap/extension-link@3.13.0 OK for: @tiptap/starter-kit@3.13.0 want: ^3.13.0
364 silly placeDep ROOT @tiptap/extension-list-item@3.13.0 OK for: @tiptap/starter-kit@3.13.0 want: ^3.13.0
365 silly placeDep ROOT @tiptap/extension-list-keymap@3.13.0 OK for: @tiptap/starter-kit@3.13.0 want: ^3.13.0
366 silly placeDep ROOT @tiptap/extension-ordered-list@3.13.0 OK for: @tiptap/starter-kit@3.13.0 want: ^3.13.0
367 silly placeDep ROOT @tiptap/extension-paragraph@3.13.0 OK for: @tiptap/starter-kit@3.13.0 want: ^3.13.0
368 silly placeDep ROOT @tiptap/extension-strike@3.13.0 OK for: @tiptap/starter-kit@3.13.0 want: ^3.13.0
369 silly placeDep ROOT @tiptap/extension-text@3.13.0 OK for: @tiptap/starter-kit@3.13.0 want: ^3.13.0
370 silly placeDep ROOT @tiptap/extension-underline@3.13.0 OK for: @tiptap/starter-kit@3.13.0 want: ^3.13.0
371 silly fetch manifest linkifyjs@^4.3.2
372 silly packumentCache full:https://registry.npmjs.org/linkifyjs cache-miss
373 http cache https://registry.npmjs.org/linkifyjs 13ms (cache hit)
374 silly packumentCache full:https://registry.npmjs.org/linkifyjs set size:141868 disposed:false
375 silly placeDep ROOT linkifyjs@4.3.2 OK for: @tiptap/extension-link@3.13.0 want: ^4.3.2
376 silly placeDep ROOT csstype@3.2.3 OK for: @types/react@19.2.7 want: ^3.2.2
377 silly placeDep ROOT rope-sequence@1.3.4 OK for: prosemirror-history@1.5.0 want: ^1.3.0
378 silly placeDep ROOT w3c-keyname@2.2.8 OK for: prosemirror-keymap@1.2.3 want: ^2.2.0
379 silly placeDep ROOT @types/markdown-it@14.1.2 OK for: prosemirror-markdown@1.13.2 want: ^14.0.0
380 silly placeDep ROOT markdown-it@14.1.0 OK for: prosemirror-markdown@1.13.2 want: ^14.0.0
381 silly fetch manifest @types/mdurl@^2
382 silly packumentCache full:https://registry.npmjs.org/@types%2fmdurl cache-miss
383 silly fetch manifest @types/linkify-it@^5
384 silly packumentCache full:https://registry.npmjs.org/@types%2flinkify-it cache-miss
385 silly fetch manifest argparse@^2.0.1
386 silly packumentCache full:https://registry.npmjs.org/argparse cache-miss
387 http cache https://registry.npmjs.org/argparse 19ms (cache hit)
388 silly packumentCache full:https://registry.npmjs.org/argparse set size:49266 disposed:false
389 silly fetch manifest entities@^4.4.0
390 silly packumentCache full:https://registry.npmjs.org/entities cache-miss
391 http cache https://registry.npmjs.org/@types%2fmdurl 24ms (cache hit)
392 silly packumentCache full:https://registry.npmjs.org/@types%2fmdurl set size:11898 disposed:false
393 silly fetch manifest linkify-it@^5.0.0
394 silly packumentCache full:https://registry.npmjs.org/linkify-it cache-miss
395 http cache https://registry.npmjs.org/@types%2flinkify-it 29ms (cache hit)
396 silly packumentCache full:https://registry.npmjs.org/@types%2flinkify-it set size:27433 disposed:false
397 silly fetch manifest mdurl@^2.0.0
398 silly packumentCache full:https://registry.npmjs.org/mdurl cache-miss
399 http cache https://registry.npmjs.org/entities 25ms (cache hit)
400 silly packumentCache full:https://registry.npmjs.org/entities set size:94747 disposed:false
401 silly fetch manifest punycode.js@^2.3.1
402 silly packumentCache full:https://registry.npmjs.org/punycode.js cache-miss
403 http cache https://registry.npmjs.org/linkify-it 26ms (cache hit)
404 silly packumentCache full:https://registry.npmjs.org/linkify-it set size:62527 disposed:false
405 silly fetch manifest uc.micro@^2.1.0
406 silly packumentCache full:https://registry.npmjs.org/uc.micro cache-miss
407 http cache https://registry.npmjs.org/mdurl 29ms (cache hit)
408 silly packumentCache full:https://registry.npmjs.org/mdurl set size:9361 disposed:false
409 http cache https://registry.npmjs.org/uc.micro 16ms (cache hit)
410 silly packumentCache full:https://registry.npmjs.org/uc.micro set size:16457 disposed:false
411 http cache https://registry.npmjs.org/punycode.js 22ms (cache hit)
412 silly packumentCache full:https://registry.npmjs.org/punycode.js set size:13508 disposed:false
413 silly placeDep ROOT @types/linkify-it@5.0.0 OK for: @types/markdown-it@14.1.2 want: ^5
414 silly placeDep ROOT @types/mdurl@2.0.0 OK for: @types/markdown-it@14.1.2 want: ^2
415 silly placeDep ROOT argparse@2.0.1 OK for: markdown-it@14.1.0 want: ^2.0.1
416 silly placeDep ROOT entities@4.5.0 OK for: markdown-it@14.1.0 want: ^4.4.0
417 silly placeDep ROOT linkify-it@5.0.0 OK for: markdown-it@14.1.0 want: ^5.0.0
418 silly placeDep ROOT mdurl@2.0.0 OK for: markdown-it@14.1.0 want: ^2.0.0
419 silly placeDep ROOT punycode.js@2.3.1 OK for: markdown-it@14.1.0 want: ^2.3.1
420 silly placeDep ROOT uc.micro@2.1.0 OK for: markdown-it@14.1.0 want: ^2.1.0
421 silly fetch manifest uc.micro@^2.0.0
422 silly packumentCache full:https://registry.npmjs.org/uc.micro cache-hit
423 silly placeDep ROOT crelt@1.0.6 OK for: prosemirror-menu@1.2.5 want: ^1.0.0
424 silly placeDep ROOT orderedmap@2.1.1 OK for: prosemirror-model@1.25.4 want: ^2.0.0
425 silly placeDep ROOT @remirror/core-constants@3.0.0 OK for: prosemirror-trailing-node@3.0.0 want: 3.0.0
426 silly placeDep ROOT escape-string-regexp@4.0.0 OK for: prosemirror-trailing-node@3.0.0 want: ^4.0.0
427 verbose stack HttpErrorGeneral: 404 Not Found - GET https://registry.npmjs.org/@tiptap%2fextension-markdown - Not found
427 verbose stack     at C:\Users\satur\scoop\persist\nodejs\bin\node_modules\npm\node_modules\npm-registry-fetch\lib\check-response.js:103:15
427 verbose stack     at process.processTicksAndRejections (node:internal/process/task_queues:103:5)
427 verbose stack     at async RegistryFetcher.packument (C:\Users\satur\scoop\persist\nodejs\bin\node_modules\npm\node_modules\pacote\lib\registry.js:90:19)
427 verbose stack     at async RegistryFetcher.manifest (C:\Users\satur\scoop\persist\nodejs\bin\node_modules\npm\node_modules\pacote\lib\registry.js:128:23)
427 verbose stack     at async #fetchManifest (C:\Users\satur\scoop\persist\nodejs\bin\node_modules\npm\node_modules\@npmcli\arborist\lib\arborist\build-ideal-tree.js:1216:20)
427 verbose stack     at async #nodeFromEdge (C:\Users\satur\scoop\persist\nodejs\bin\node_modules\npm\node_modules\@npmcli\arborist\lib\arborist\build-ideal-tree.js:1054:19)
427 verbose stack     at async #buildDepStep (C:\Users\satur\scoop\persist\nodejs\bin\node_modules\npm\node_modules\@npmcli\arborist\lib\arborist\build-ideal-tree.js:918:11)
427 verbose stack     at async Arborist.buildIdealTree (C:\Users\satur\scoop\persist\nodejs\bin\node_modules\npm\node_modules\@npmcli\arborist\lib\arborist\build-ideal-tree.js:170:7)
427 verbose stack     at async Promise.all (index 1)
427 verbose stack     at async Arborist.reify (C:\Users\satur\scoop\persist\nodejs\bin\node_modules\npm\node_modules\@npmcli\arborist\lib\arborist\reify.js:110:5)
428 verbose statusCode 404
429 verbose pkgid @tiptap/extension-markdown@*
430 error code E404
431 error 404 Not Found - GET https://registry.npmjs.org/@tiptap%2fextension-markdown - Not found
432 error 404
433 error 404  The requested resource '@tiptap/extension-markdown@*' could not be found or you do not have permission to access it.
434 error 404
435 error 404 Note that you can also install from a
436 error 404 tarball, folder, http url, or git url.
437 silly unfinished npm timer reify 1765877876219
438 silly unfinished npm timer reify:loadTrees 1765877876221
439 verbose cwd D:\personalworkspace
440 verbose os Windows_NT 10.0.26200
441 verbose node v25.2.1
442 verbose npm  v11.6.4
443 verbose exit 1
444 verbose code 1
445 error A complete log of this run can be found in: C:\Users\satur\scoop\persist\nodejs\cache\_logs\2025-12-16T09_37_55_702Z-debug-0.log
